# JRE version: Java(TM) SE Runtime Environment (8.0_181-b13) (build 1.8.0_181-b13)
# Java VM: Java HotSpot(TM) 64-Bit Server VM (25.181-b13 mixed mode linux-amd64 compressed oops)
Heap:
 PSYoungGen      total 3041792K, used 41128K [0x00000006eab00000, 0x00000007a9500000, 0x00000007c0000000)
  eden space 2963456K, 0% used [0x00000006eab00000,0x00000006eab00000,0x000000079f900000)
  from space 78336K, 52% used [0x000000079f900000,0x00000007a212a308,0x00000007a4580000)
  to   space 78848K, 0% used [0x00000007a4580000,0x00000007a4580000,0x00000007a9280000)
 ParOldGen       total 902656K, used 585630K [0x0000000540000000, 0x0000000577180000, 0x00000006eab00000)
  object space 902656K, 64% used [0x0000000540000000,0x0000000563be7930,0x0000000577180000)
 Metaspace       used 115311K, capacity 130492K, committed 130496K, reserved 1161216K
  class space    used 16016K, capacity 19072K, committed 19072K, reserved 1048576K
GC Heap History (10 events):
Event: 144,733 GC heap after
Heap after GC invocations=68 (full 6):
 PSYoungGen      total 2812416K, used 34969K [0x00000006eab00000, 0x000000079c400000, 0x00000007c0000000)
  eden space 2727936K, 0% used [0x00000006eab00000,0x00000006eab00000,0x0000000791300000)
  from space 84480K, 41% used [0x0000000796300000,0x00000007985265d8,0x000000079b580000)
  to   space 81920K, 0% used [0x0000000791300000,0x0000000791300000,0x0000000796300000)
 ParOldGen       total 902656K, used 579884K [0x0000000540000000, 0x0000000577180000, 0x00000006eab00000)
  object space 902656K, 64% used [0x0000000540000000,0x000000056364b280,0x0000000577180000)
 Metaspace       used 113137K, capacity 127096K, committed 127320K, reserved 1159168K
  class space    used 15714K, capacity 18529K, committed 18560K, reserved 1048576K
}
Event: 148,419 GC heap before
{Heap before GC invocations=69 (full 6):
 PSYoungGen      total 2812416K, used 2762905K [0x00000006eab00000, 0x000000079c400000, 0x00000007c0000000)
  eden space 2727936K, 100% used [0x00000006eab00000,0x0000000791300000,0x0000000791300000)
  from space 84480K, 41% used [0x0000000796300000,0x00000007985265d8,0x000000079b580000)
  to   space 81920K, 0% used [0x0000000791300000,0x0000000791300000,0x0000000796300000)
 ParOldGen       total 902656K, used 579884K [0x0000000540000000, 0x0000000577180000, 0x00000006eab00000)
  object space 902656K, 64% used [0x0000000540000000,0x000000056364b280,0x0000000577180000)
 Metaspace       used 113988K, capacity 128440K, committed 128600K, reserved 1159168K
  class space    used 15838K, capacity 18753K, committed 18816K, reserved 1048576K
Event: 148,486 GC heap after
Heap after GC invocations=69 (full 6):
 PSYoungGen      total 2809856K, used 51332K [0x00000006eab00000, 0x00000007a1e80000, 0x00000007c0000000)
  eden space 2727936K, 0% used [0x00000006eab00000,0x00000006eab00000,0x0000000791300000)
  from space 81920K, 62% used [0x0000000791300000,0x0000000794521190,0x0000000796300000)
  to   space 80896K, 0% used [0x000000079cf80000,0x000000079cf80000,0x00000007a1e80000)
 ParOldGen       total 902656K, used 581428K [0x0000000540000000, 0x0000000577180000, 0x00000006eab00000)
  object space 902656K, 64% used [0x0000000540000000,0x00000005637cd280,0x0000000577180000)
 Metaspace       used 113988K, capacity 128440K, committed 128600K, reserved 1159168K
  class space    used 15838K, capacity 18753K, committed 18816K, reserved 1048576K
}
Event: 150,841 GC heap before
{Heap before GC invocations=70 (full 6):
 PSYoungGen      total 2809856K, used 2779268K [0x00000006eab00000, 0x00000007a1e80000, 0x00000007c0000000)
  eden space 2727936K, 100% used [0x00000006eab00000,0x0000000791300000,0x0000000791300000)
  from space 81920K, 62% used [0x0000000791300000,0x0000000794521190,0x0000000796300000)
  to   space 80896K, 0% used [0x000000079cf80000,0x000000079cf80000,0x00000007a1e80000)
 ParOldGen       total 902656K, used 581428K [0x0000000540000000, 0x0000000577180000, 0x00000006eab00000)
  object space 902656K, 64% used [0x0000000540000000,0x00000005637cd280,0x0000000577180000)
 Metaspace       used 114189K, capacity 128696K, committed 128856K, reserved 1159168K
  class space    used 15862K, capacity 18796K, committed 18816K, reserved 1048576K
Event: 150,877 GC heap after
Heap after GC invocations=70 (full 6):
 PSYoungGen      total 2920960K, used 24108K [0x00000006eab00000, 0x00000007a1e80000, 0x00000007c0000000)
  eden space 2840064K, 0% used [0x00000006eab00000,0x00000006eab00000,0x0000000798080000)
  from space 80896K, 29% used [0x000000079cf80000,0x000000079e70b238,0x00000007a1e80000)
  to   space 80896K, 0% used [0x0000000798080000,0x0000000798080000,0x000000079cf80000)
 ParOldGen       total 902656K, used 583072K [0x0000000540000000, 0x0000000577180000, 0x00000006eab00000)
  object space 902656K, 64% used [0x0000000540000000,0x00000005639682d0,0x0000000577180000)
 Metaspace       used 114189K, capacity 128696K, committed 128856K, reserved 1159168K
  class space    used 15862K, capacity 18796K, committed 18816K, reserved 1048576K
}
Event: 152,905 GC heap before
{Heap before GC invocations=71 (full 6):
 PSYoungGen      total 2920960K, used 2864172K [0x00000006eab00000, 0x00000007a1e80000, 0x00000007c0000000)
  eden space 2840064K, 100% used [0x00000006eab00000,0x0000000798080000,0x0000000798080000)
  from space 80896K, 29% used [0x000000079cf80000,0x000000079e70b238,0x00000007a1e80000)
  to   space 80896K, 0% used [0x0000000798080000,0x0000000798080000,0x000000079cf80000)
 ParOldGen       total 902656K, used 583072K [0x0000000540000000, 0x0000000577180000, 0x00000006eab00000)
  object space 902656K, 64% used [0x0000000540000000,0x00000005639682d0,0x0000000577180000)
 Metaspace       used 114294K, capacity 128822K, committed 128856K, reserved 1159168K
  class space    used 15868K, capacity 18806K, committed 18816K, reserved 1048576K
Event: 152,944 GC heap after
Heap after GC invocations=71 (full 6):
 PSYoungGen      total 2920960K, used 32795K [0x00000006eab00000, 0x00000007a9280000, 0x00000007c0000000)
  eden space 2840064K, 0% used [0x00000006eab00000,0x00000006eab00000,0x0000000798080000)
  from space 80896K, 40% used [0x0000000798080000,0x000000079a086f40,0x000000079cf80000)
  to   space 78848K, 0% used [0x00000007a4580000,0x00000007a4580000,0x00000007a9280000)
 ParOldGen       total 902656K, used 584291K [0x0000000540000000, 0x0000000577180000, 0x00000006eab00000)
  object space 902656K, 64% used [0x0000000540000000,0x0000000563a98f68,0x0000000577180000)
 Metaspace       used 114294K, capacity 128822K, committed 128856K, reserved 1159168K
  class space    used 15868K, capacity 18806K, committed 18816K, reserved 1048576K
}
Event: 156,499 GC heap before
{Heap before GC invocations=72 (full 6):
 PSYoungGen      total 2920960K, used 2872859K [0x00000006eab00000, 0x00000007a9280000, 0x00000007c0000000)
  eden space 2840064K, 100% used [0x00000006eab00000,0x0000000798080000,0x0000000798080000)
  from space 80896K, 40% used [0x0000000798080000,0x000000079a086f40,0x000000079cf80000)
  to   space 78848K, 0% used [0x00000007a4580000,0x00000007a4580000,0x00000007a9280000)
 ParOldGen       total 902656K, used 584291K [0x0000000540000000, 0x0000000577180000, 0x00000006eab00000)
  object space 902656K, 64% used [0x0000000540000000,0x0000000563a98f68,0x0000000577180000)
 Metaspace       used 115156K, capacity 130242K, committed 130392K, reserved 1161216K
  class space    used 15994K, capacity 19032K, committed 19072K, reserved 1048576K
Event: 156,566 GC heap after
Heap after GC invocations=72 (full 6):
 PSYoungGen      total 3042304K, used 50745K [0x00000006eab00000, 0x00000007a9500000, 0x00000007c0000000)
  eden space 2963456K, 0% used [0x00000006eab00000,0x00000006eab00000,0x000000079f900000)
  from space 78848K, 64% used [0x00000007a4580000,0x00000007a770e4d0,0x00000007a9280000)
  to   space 78336K, 0% used [0x000000079f900000,0x000000079f900000,0x00000007a4580000)
 ParOldGen       total 902656K, used 584851K [0x0000000540000000, 0x0000000577180000, 0x00000006eab00000)
  object space 902656K, 64% used [0x0000000540000000,0x0000000563b24ea8,0x0000000577180000)
 Metaspace       used 115156K, capacity 130242K, committed 130392K, reserved 1161216K
  class space    used 15994K, capacity 19032K, committed 19072K, reserved 1048576K
}
Event: 157,097 GC heap before
{Heap before GC invocations=73 (full 6):
 PSYoungGen      total 3042304K, used 376313K [0x00000006eab00000, 0x00000007a9500000, 0x00000007c0000000)
  eden space 2963456K, 10% used [0x00000006eab00000,0x00000006fe8f0118,0x000000079f900000)
  from space 78848K, 64% used [0x00000007a4580000,0x00000007a770e4d0,0x00000007a9280000)
  to   space 78336K, 0% used [0x000000079f900000,0x000000079f900000,0x00000007a4580000)
 ParOldGen       total 902656K, used 584851K [0x0000000540000000, 0x0000000577180000, 0x00000006eab00000)
  object space 902656K, 64% used [0x0000000540000000,0x0000000563b24ea8,0x0000000577180000)
 Metaspace       used 115311K, capacity 130492K, committed 130496K, reserved 1161216K
  class space    used 16016K, capacity 19072K, committed 19072K, reserved 1048576K

